[1125/080130.846:ERROR:process_memory_win.cc(73)] ReadMemory at 0x7ff754fb0000 of 64 bytes failed: Only part of a ReadProcessMemory or WriteProcessMemory request was completed. (0x12B)
[1125/080130.846:WARNING:pe_image_reader.cc(340)] could not read dos header from S:\Program Files (x86)\Google\Chrome\Application\chrome.exe
[1125/080130.846:ERROR:process_memory_win.cc(73)] ReadMemory at 0x7ff82bea0000 of 64 bytes failed: Only part of a ReadProcessMemory or WriteProcessMemory request was completed. (0x12B)
[1125/080130.846:WARNING:pe_image_reader.cc(340)] could not read dos header from S:\Windows\SYSTEM32\ntdll.dll
[1125/080130.846:ERROR:process_memory_win.cc(73)] ReadMemory at 0x7ff82bc00000 of 64 bytes failed: Only part of a ReadProcessMemory or WriteProcessMemory request was completed. (0x12B)
[1125/080130.846:WARNING:pe_image_reader.cc(340)] could not read dos header from S:\Windows\System32\KERNEL32.DLL
[1125/080130.846:ERROR:process_memory_win.cc(73)] ReadMemory at 0x7ff829130000 of 64 bytes failed: Only part of a ReadProcessMemory or WriteProcessMemory request was completed. (0x12B)
[1125/080130.846:WARNING:pe_image_reader.cc(340)] could not read dos header from S:\Windows\System32\KERNELBASE.dll
[1125/080130.846:ERROR:process_memory_win.cc(73)] ReadMemory at 0x7fffdb1f0000 of 64 bytes failed: Only part of a ReadProcessMemory or WriteProcessMemory request was completed. (0x12B)
[1125/080130.846:WARNING:pe_image_reader.cc(340)] could not read dos header from S:\Program Files (x86)\Google\Chrome\Application\86.0.4240.198\chrome_elf.dll
[1125/080130.846:ERROR:process_memory_win.cc(73)] ReadMemory at 0x7ff81d920000 of 64 bytes failed: Only part of a ReadProcessMemory or WriteProcessMemory request was completed. (0x12B)
[1125/080130.846:WARNING:pe_image_reader.cc(340)] could not read dos header from S:\Windows\SYSTEM32\VERSION.dll
[1125/080130.846:ERROR:process_memory_win.cc(73)] ReadMemory at 0x7ff82ba00000 of 64 bytes failed: Only part of a ReadProcessMemory or WriteProcessMemory request was completed. (0x12B)
[1125/080130.846:WARNING:pe_image_reader.cc(340)] could not read dos header from S:\Windows\System32\msvcrt.dll
[1125/080130.846:ERROR:process_memory_win.cc(73)] ReadMemory at 0x7ff828e50000 of 64 bytes failed: Only part of a ReadProcessMemory or WriteProcessMemory request was completed. (0x12B)
[1125/080130.846:WARNING:pe_image_reader.cc(340)] could not read dos header from S:\Windows\System32\bcryptPrimitives.dll
[1125/080130.846:ERROR:process_memory_win.cc(73)] ReadMemory at 0x7ff82b570000 of 64 bytes failed: Only part of a ReadProcessMemory or WriteProcessMemory request was completed. (0x12B)
[1125/080130.846:WARNING:pe_image_reader.cc(340)] could not read dos header from S:\Windows\System32\ADVAPI32.dll
[1125/080130.846:ERROR:process_memory_win.cc(73)] ReadMemory at 0x7ff82b8f0000 of 64 bytes failed: Only part of a ReadProcessMemory or WriteProcessMemory request was completed. (0x12B)
[1125/080130.846:WARNING:pe_image_reader.cc(340)] could not read dos header from S:\Windows\System32\sechost.dll
[1125/080130.846:ERROR:process_memory_win.cc(73)] ReadMemory at 0x7ff82b300000 of 64 bytes failed: Only part of a ReadProcessMemory or WriteProcessMemory request was completed. (0x12B)
[1125/080130.846:WARNING:pe_image_reader.cc(340)] could not read dos header from S:\Windows\System32\RPCRT4.dll
[1125/080130.846:ERROR:process_memory_win.cc(73)] ReadMemory at 0x7fff8ac90000 of 64 bytes failed: Only part of a ReadProcessMemory or WriteProcessMemory request was completed. (0x12B)
[1125/080130.846:WARNING:pe_image_reader.cc(340)] could not read dos header from S:\Program Files (x86)\Google\Chrome\Application\86.0.4240.198\chrome.dll
[1125/080130.846:ERROR:process_memory_win.cc(73)] ReadMemory at 0x7ff82b880000 of 64 bytes failed: Only part of a ReadProcessMemory or WriteProcessMemory request was completed. (0x12B)
[1125/080130.846:WARNING:pe_image_reader.cc(340)] could not read dos header from S:\Windows\System32\WS2_32.dll
[1125/080130.846:ERROR:process_memory_win.cc(73)] ReadMemory at 0x7ff829f50000 of 64 bytes failed: Only part of a ReadProcessMemory or WriteProcessMemory request was completed. (0x12B)
[1125/080130.846:WARNING:pe_image_reader.cc(340)] could not read dos header from S:\Windows\System32\OLEAUT32.dll
[1125/080130.846:ERROR:process_memory_win.cc(73)] ReadMemory at 0x7ff8293e0000 of 64 bytes failed: Only part of a ReadProcessMemory or WriteProcessMemory request was completed. (0x12B)
[1125/080130.846:WARNING:pe_image_reader.cc(340)] could not read dos header from S:\Windows\System32\msvcp_win.dll
[1125/080130.846:ERROR:process_memory_win.cc(73)] ReadMemory at 0x7ff8294a0000 of 64 bytes failed: Only part of a ReadProcessMemory or WriteProcessMemory request was completed. (0x12B)
[1125/080130.846:WARNING:pe_image_reader.cc(340)] could not read dos header from S:\Windows\System32\ucrtbase.dll
[1125/080130.846:ERROR:process_memory_win.cc(73)] ReadMemory at 0x7ff82a0a0000 of 64 bytes failed: Only part of a ReadProcessMemory or WriteProcessMemory request was completed. (0x12B)
[1125/080130.846:WARNING:pe_image_reader.cc(340)] could not read dos header from S:\Windows\System32\combase.dll
[1125/080130.846:ERROR:process_memory_win.cc(73)] ReadMemory at 0x7ff8290d0000 of 64 bytes failed: Only part of a ReadProcessMemory or WriteProcessMemory request was completed. (0x12B)
[1125/080130.846:WARNING:pe_image_reader.cc(340)] could not read dos header from S:\Windows\System32\WINTRUST.dll
[1125/080130.846:ERROR:process_memory_win.cc(73)] ReadMemory at 0x7ff828e00000 of 64 bytes failed: Only part of a ReadProcessMemory or WriteProcessMemory request was completed. (0x12B)
[1125/080130.846:WARNING:pe_image_reader.cc(340)] could not read dos header from S:\Windows\System32\MSASN1.dll
[1125/080130.846:ERROR:process_memory_win.cc(73)] ReadMemory at 0x7ff828f80000 of 64 bytes failed: Only part of a ReadProcessMemory or WriteProcessMemory request was completed. (0x12B)
[1125/080130.846:WARNING:pe_image_reader.cc(340)] could not read dos header from S:\Windows\System32\CRYPT32.dll
[1125/080130.846:ERROR:process_memory_win.cc(73)] ReadMemory at 0x7ff8276d0000 of 64 bytes failed: Only part of a ReadProcessMemory or WriteProcessMemory request was completed. (0x12B)
[1125/080130.846:WARNING:pe_image_reader.cc(340)] could not read dos header from S:\Windows\SYSTEM32\dbghelp.dll
[1125/080130.846:ERROR:process_memory_win.cc(73)] ReadMemory at 0x7ff828270000 of 64 bytes failed: Only part of a ReadProcessMemory or WriteProcessMemory request was completed. (0x12B)
[1125/080130.846:WARNING:pe_image_reader.cc(340)] could not read dos header from S:\Windows\SYSTEM32\IPHLPAPI.DLL
[1125/080130.846:ERROR:process_memory_win.cc(73)] ReadMemory at 0x7ff821ce0000 of 64 bytes failed: Only part of a ReadProcessMemory or WriteProcessMemory request was completed. (0x12B)
[1125/080130.846:WARNING:pe_image_reader.cc(340)] could not read dos header from S:\Windows\SYSTEM32\WINMM.dll
[1125/080130.846:ERROR:process_memory_win.cc(73)] ReadMemory at 0x7fffeebe0000 of 64 bytes failed: Only part of a ReadProcessMemory or WriteProcessMemory request was completed. (0x12B)
[1125/080130.846:WARNING:pe_image_reader.cc(340)] could not read dos header from S:\Windows\SYSTEM32\UIAutomationCore.DLL
[1125/080130.846:ERROR:process_memory_win.cc(73)] ReadMemory at 0x7ff8128b0000 of 64 bytes failed: Only part of a ReadProcessMemory or WriteProcessMemory request was completed. (0x12B)
[1125/080130.846:WARNING:pe_image_reader.cc(340)] could not read dos header from S:\Windows\SYSTEM32\Secur32.dll
[1125/080130.846:ERROR:process_memory_win.cc(73)] ReadMemory at 0x7ff828c70000 of 64 bytes failed: Only part of a ReadProcessMemory or WriteProcessMemory request was completed. (0x12B)
[1125/080130.846:WARNING:pe_image_reader.cc(340)] could not read dos header from S:\Windows\SYSTEM32\USERENV.dll
[1125/080130.846:ERROR:process_memory_win.cc(73)] ReadMemory at 0x7ff828dd0000 of 64 bytes failed: Only part of a ReadProcessMemory or WriteProcessMemory request was completed. (0x12B)
[1125/080130.846:WARNING:pe_image_reader.cc(340)] could not read dos header from S:\Windows\System32\profapi.dll
[1125/080130.846:ERROR:process_memory_win.cc(73)] ReadMemory at 0x7ffff9e40000 of 64 bytes failed: Only part of a ReadProcessMemory or WriteProcessMemory request was completed. (0x12B)
[1125/080130.846:WARNING:pe_image_reader.cc(340)] could not read dos header from S:\Windows\SYSTEM32\DWrite.dll
[1125/080130.846:ERROR:process_memory_win.cc(73)] ReadMemory at 0x7ff812de0000 of 64 bytes failed: Only part of a ReadProcessMemory or WriteProcessMemory request was completed. (0x12B)
[1125/080130.846:WARNING:pe_image_reader.cc(340)] could not read dos header from S:\Windows\SYSTEM32\WINSPOOL.DRV
[1125/080130.846:ERROR:process_memory_win.cc(73)] ReadMemory at 0x7ff828db0000 of 64 bytes failed: Only part of a ReadProcessMemory or WriteProcessMemory request was completed. (0x12B)
[1125/080130.846:WARNING:pe_image_reader.cc(340)] could not read dos header from S:\Windows\System32\kernel.appcore.dll
[1125/080130.846:ERROR:process_memory_win.cc(73)] ReadMemory at 0x7ff828e20000 of 64 bytes failed: Only part of a ReadProcessMemory or WriteProcessMemory request was completed. (0x12B)
[1125/080130.846:WARNING:pe_image_reader.cc(340)] could not read dos header from S:\Windows\System32\bcrypt.dll
[1125/080130.846:ERROR:process_memory_win.cc(73)] ReadMemory at 0x7ff820d20000 of 64 bytes failed: Only part of a ReadProcessMemory or WriteProcessMemory request was completed. (0x12B)
[1125/080130.846:WARNING:pe_image_reader.cc(340)] could not read dos header from S:\Windows\SYSTEM32\WINHTTP.dll
[1125/080130.846:ERROR:process_memory_win.cc(73)] ReadMemory at 0x7ff8275e0000 of 64 bytes failed: Only part of a ReadProcessMemory or WriteProcessMemory request was completed. (0x12B)
[1125/080130.846:WARNING:pe_image_reader.cc(340)] could not read dos header from S:\Windows\SYSTEM32\dhcpcsvc.DLL
[1125/080130.846:ERROR:process_memory_win.cc(73)] ReadMemory at 0x7ff82a710000 of 64 bytes failed: Only part of a ReadProcessMemory or WriteProcessMemory request was completed. (0x12B)
[1125/080130.846:WARNING:pe_image_reader.cc(340)] could not read dos header from S:\Windows\System32\NSI.dll
[1125/080130.846:ERROR:process_memory_win.cc(73)] ReadMemory at 0x7ff821cb0000 of 64 bytes failed: Only part of a ReadProcessMemory or WriteProcessMemory request was completed. (0x12B)
[1125/080130.846:WARNING:pe_image_reader.cc(340)] could not read dos header from S:\Windows\SYSTEM32\WINMMBASE.dll
[1125/080130.846:ERROR:process_memory_win.cc(73)] ReadMemory at 0x7ff829f00000 of 64 bytes failed: Only part of a ReadProcessMemory or WriteProcessMemory request was completed. (0x12B)
[1125/080130.846:WARNING:pe_image_reader.cc(340)] could not read dos header from S:\Windows\System32\cfgmgr32.dll
[1125/080130.846:ERROR:process_memory_win.cc(73)] ReadMemory at 0x7ff8216d0000 of 64 bytes failed: Only part of a ReadProcessMemory or WriteProcessMemory request was completed. (0x12B)
[1125/080130.846:WARNING:pe_image_reader.cc(340)] could not read dos header from S:\Windows\SYSTEM32\PROPSYS.dll
[1125/080130.846:ERROR:process_memory_win.cc(73)] ReadMemory at 0x7ff82baa0000 of 64 bytes failed: Only part of a ReadProcessMemory or WriteProcessMemory request was completed. (0x12B)
[1125/080130.846:WARNING:pe_image_reader.cc(340)] could not read dos header from S:\Windows\System32\shcore.dll
[1125/080130.846:ERROR:process_memory_win.cc(73)] ReadMemory at 0x7ff828c30000 of 64 bytes failed: Only part of a ReadProcessMemory or WriteProcessMemory request was completed. (0x12B)
[1125/080130.846:WARNING:pe_image_reader.cc(340)] could not read dos header from S:\Windows\SYSTEM32\SSPICLI.DLL
[1125/080130.846:ERROR:process_memory_win.cc(73)] ReadMemory at 0x7ff8286d0000 of 64 bytes failed: Only part of a ReadProcessMemory or WriteProcessMemory request was completed. (0x12B)
[1125/080130.846:WARNING:pe_image_reader.cc(340)] could not read dos header from S:\Windows\SYSTEM32\CRYPTBASE.DLL
[1125/080130.854:ERROR:process_memory_win.cc(73)] ReadMemory at 0x7ff754fb0000 of 64 bytes failed: Only part of a ReadProcessMemory or WriteProcessMemory request was completed. (0x12B)
[1125/080130.854:WARNING:pe_image_reader.cc(340)] could not read dos header from S:\Program Files (x86)\Google\Chrome\Application\chrome.exe
[1125/080130.854:ERROR:process_memory_win.cc(73)] ReadMemory at 0x7ff82bea0000 of 64 bytes failed: Only part of a ReadProcessMemory or WriteProcessMemory request was completed. (0x12B)
[1125/080130.854:WARNING:pe_image_reader.cc(340)] could not read dos header from S:\Windows\SYSTEM32\ntdll.dll
[1125/080130.854:ERROR:process_memory_win.cc(73)] ReadMemory at 0x7ff82bc00000 of 64 bytes failed: Only part of a ReadProcessMemory or WriteProcessMemory request was completed. (0x12B)
[1125/080130.854:WARNING:pe_image_reader.cc(340)] could not read dos header from S:\Windows\System32\KERNEL32.DLL
[1125/080130.854:ERROR:process_memory_win.cc(73)] ReadMemory at 0x7ff829130000 of 64 bytes failed: Only part of a ReadProcessMemory or WriteProcessMemory request was completed. (0x12B)
[1125/080130.854:WARNING:pe_image_reader.cc(340)] could not read dos header from S:\Windows\System32\KERNELBASE.dll
[1125/080130.854:ERROR:process_memory_win.cc(73)] ReadMemory at 0x7fffdb1f0000 of 64 bytes failed: Only part of a ReadProcessMemory or WriteProcessMemory request was completed. (0x12B)
[1125/080130.854:WARNING:pe_image_reader.cc(340)] could not read dos header from S:\Program Files (x86)\Google\Chrome\Application\86.0.4240.198\chrome_elf.dll
[1125/080130.854:ERROR:process_memory_win.cc(73)] ReadMemory at 0x7ff81d920000 of 64 bytes failed: Only part of a ReadProcessMemory or WriteProcessMemory request was completed. (0x12B)
[1125/080130.854:WARNING:pe_image_reader.cc(340)] could not read dos header from S:\Windows\SYSTEM32\VERSION.dll
[1125/080130.854:ERROR:process_memory_win.cc(73)] ReadMemory at 0x7ff82ba00000 of 64 bytes failed: Only part of a ReadProcessMemory or WriteProcessMemory request was completed. (0x12B)
[1125/080130.854:WARNING:pe_image_reader.cc(340)] could not read dos header from S:\Windows\System32\msvcrt.dll
[1125/080130.854:ERROR:process_memory_win.cc(73)] ReadMemory at 0x7ff828e50000 of 64 bytes failed: Only part of a ReadProcessMemory or WriteProcessMemory request was completed. (0x12B)
[1125/080130.854:WARNING:pe_image_reader.cc(340)] could not read dos header from S:\Windows\System32\bcryptPrimitives.dll
[1125/080130.854:ERROR:process_memory_win.cc(73)] ReadMemory at 0x7ff82b570000 of 64 bytes failed: Only part of a ReadProcessMemory or WriteProcessMemory request was completed. (0x12B)
[1125/080130.854:WARNING:pe_image_reader.cc(340)] could not read dos header from S:\Windows\System32\ADVAPI32.dll
[1125/080130.854:ERROR:process_memory_win.cc(73)] ReadMemory at 0x7ff82b8f0000 of 64 bytes failed: Only part of a ReadProcessMemory or WriteProcessMemory request was completed. (0x12B)
[1125/080130.854:WARNING:pe_image_reader.cc(340)] could not read dos header from S:\Windows\System32\sechost.dll
[1125/080130.854:ERROR:process_memory_win.cc(73)] ReadMemory at 0x7ff82b300000 of 64 bytes failed: Only part of a ReadProcessMemory or WriteProcessMemory request was completed. (0x12B)
[1125/080130.854:WARNING:pe_image_reader.cc(340)] could not read dos header from S:\Windows\System32\RPCRT4.dll
[1125/080130.854:ERROR:process_memory_win.cc(73)] ReadMemory at 0x7fff8ac90000 of 64 bytes failed: Only part of a ReadProcessMemory or WriteProcessMemory request was completed. (0x12B)
[1125/080130.854:WARNING:pe_image_reader.cc(340)] could not read dos header from S:\Program Files (x86)\Google\Chrome\Application\86.0.4240.198\chrome.dll
[1125/080130.854:ERROR:process_memory_win.cc(73)] ReadMemory at 0x7ff82b880000 of 64 bytes failed: Only part of a ReadProcessMemory or WriteProcessMemory request was completed. (0x12B)
[1125/080130.854:WARNING:pe_image_reader.cc(340)] could not read dos header from S:\Windows\System32\WS2_32.dll
[1125/080130.854:ERROR:process_memory_win.cc(73)] ReadMemory at 0x7ff829f50000 of 64 bytes failed: Only part of a ReadProcessMemory or WriteProcessMemory request was completed. (0x12B)
[1125/080130.854:WARNING:pe_image_reader.cc(340)] could not read dos header from S:\Windows\System32\OLEAUT32.dll
[1125/080130.854:ERROR:process_memory_win.cc(73)] ReadMemory at 0x7ff8293e0000 of 64 bytes failed: Only part of a ReadProcessMemory or WriteProcessMemory request was completed. (0x12B)
[1125/080130.854:WARNING:pe_image_reader.cc(340)] could not read dos header from S:\Windows\System32\msvcp_win.dll
[1125/080130.854:ERROR:process_memory_win.cc(73)] ReadMemory at 0x7ff8294a0000 of 64 bytes failed: Only part of a ReadProcessMemory or WriteProcessMemory request was completed. (0x12B)
[1125/080130.854:WARNING:pe_image_reader.cc(340)] could not read dos header from S:\Windows\System32\ucrtbase.dll
[1125/080130.854:ERROR:process_memory_win.cc(73)] ReadMemory at 0x7ff82a0a0000 of 64 bytes failed: Only part of a ReadProcessMemory or WriteProcessMemory request was completed. (0x12B)
[1125/080130.854:WARNING:pe_image_reader.cc(340)] could not read dos header from S:\Windows\System32\combase.dll
[1125/080130.854:ERROR:process_memory_win.cc(73)] ReadMemory at 0x7ff8290d0000 of 64 bytes failed: Only part of a ReadProcessMemory or WriteProcessMemory request was completed. (0x12B)
[1125/080130.854:WARNING:pe_image_reader.cc(340)] could not read dos header from S:\Windows\System32\WINTRUST.dll
[1125/080130.854:ERROR:process_memory_win.cc(73)] ReadMemory at 0x7ff828e00000 of 64 bytes failed: Only part of a ReadProcessMemory or WriteProcessMemory request was completed. (0x12B)
[1125/080130.854:WARNING:pe_image_reader.cc(340)] could not read dos header from S:\Windows\System32\MSASN1.dll
[1125/080130.854:ERROR:process_memory_win.cc(73)] ReadMemory at 0x7ff828f80000 of 64 bytes failed: Only part of a ReadProcessMemory or WriteProcessMemory request was completed. (0x12B)
[1125/080130.854:WARNING:pe_image_reader.cc(340)] could not read dos header from S:\Windows\System32\CRYPT32.dll
[1125/080130.854:ERROR:process_memory_win.cc(73)] ReadMemory at 0x7ff8276d0000 of 64 bytes failed: Only part of a ReadProcessMemory or WriteProcessMemory request was completed. (0x12B)
[1125/080130.854:WARNING:pe_image_reader.cc(340)] could not read dos header from S:\Windows\SYSTEM32\dbghelp.dll
[1125/080130.854:ERROR:process_memory_win.cc(73)] ReadMemory at 0x7ff828270000 of 64 bytes failed: Only part of a ReadProcessMemory or WriteProcessMemory request was completed. (0x12B)
[1125/080130.854:WARNING:pe_image_reader.cc(340)] could not read dos header from S:\Windows\SYSTEM32\IPHLPAPI.DLL
[1125/080130.854:ERROR:process_memory_win.cc(73)] ReadMemory at 0x7ff821ce0000 of 64 bytes failed: Only part of a ReadProcessMemory or WriteProcessMemory request was completed. (0x12B)
[1125/080130.854:WARNING:pe_image_reader.cc(340)] could not read dos header from S:\Windows\SYSTEM32\WINMM.dll
[1125/080130.854:ERROR:process_memory_win.cc(73)] ReadMemory at 0x7fffeebe0000 of 64 bytes failed: Only part of a ReadProcessMemory or WriteProcessMemory request was completed. (0x12B)
[1125/080130.854:WARNING:pe_image_reader.cc(340)] could not read dos header from S:\Windows\SYSTEM32\UIAutomationCore.DLL
[1125/080130.854:ERROR:process_memory_win.cc(73)] ReadMemory at 0x7ff8128b0000 of 64 bytes failed: Only part of a ReadProcessMemory or WriteProcessMemory request was completed. (0x12B)
[1125/080130.854:WARNING:pe_image_reader.cc(340)] could not read dos header from S:\Windows\SYSTEM32\Secur32.dll
[1125/080130.854:ERROR:process_memory_win.cc(73)] ReadMemory at 0x7ff828c70000 of 64 bytes failed: Only part of a ReadProcessMemory or WriteProcessMemory request was completed. (0x12B)
[1125/080130.854:WARNING:pe_image_reader.cc(340)] could not read dos header from S:\Windows\SYSTEM32\USERENV.dll
[1125/080130.854:ERROR:process_memory_win.cc(73)] ReadMemory at 0x7ff828dd0000 of 64 bytes failed: Only part of a ReadProcessMemory or WriteProcessMemory request was completed. (0x12B)
[1125/080130.854:WARNING:pe_image_reader.cc(340)] could not read dos header from S:\Windows\System32\profapi.dll
[1125/080130.854:ERROR:process_memory_win.cc(73)] ReadMemory at 0x7ffff9e40000 of 64 bytes failed: Only part of a ReadProcessMemory or WriteProcessMemory request was completed. (0x12B)
[1125/080130.854:WARNING:pe_image_reader.cc(340)] could not read dos header from S:\Windows\SYSTEM32\DWrite.dll
[1125/080130.854:ERROR:process_memory_win.cc(73)] ReadMemory at 0x7ff812de0000 of 64 bytes failed: Only part of a ReadProcessMemory or WriteProcessMemory request was completed. (0x12B)
[1125/080130.854:WARNING:pe_image_reader.cc(340)] could not read dos header from S:\Windows\SYSTEM32\WINSPOOL.DRV
[1125/080130.854:ERROR:process_memory_win.cc(73)] ReadMemory at 0x7ff828db0000 of 64 bytes failed: Only part of a ReadProcessMemory or WriteProcessMemory request was completed. (0x12B)
[1125/080130.854:WARNING:pe_image_reader.cc(340)] could not read dos header from S:\Windows\System32\kernel.appcore.dll
[1125/080130.854:ERROR:process_memory_win.cc(73)] ReadMemory at 0x7ff828e20000 of 64 bytes failed: Only part of a ReadProcessMemory or WriteProcessMemory request was completed. (0x12B)
[1125/080130.854:WARNING:pe_image_reader.cc(340)] could not read dos header from S:\Windows\System32\bcrypt.dll
[1125/080130.854:ERROR:process_memory_win.cc(73)] ReadMemory at 0x7ff820d20000 of 64 bytes failed: Only part of a ReadProcessMemory or WriteProcessMemory request was completed. (0x12B)
[1125/080130.854:WARNING:pe_image_reader.cc(340)] could not read dos header from S:\Windows\SYSTEM32\WINHTTP.dll
[1125/080130.854:ERROR:process_memory_win.cc(73)] ReadMemory at 0x7ff8275e0000 of 64 bytes failed: Only part of a ReadProcessMemory or WriteProcessMemory request was completed. (0x12B)
[1125/080130.854:WARNING:pe_image_reader.cc(340)] could not read dos header from S:\Windows\SYSTEM32\dhcpcsvc.DLL
[1125/080130.854:ERROR:process_memory_win.cc(73)] ReadMemory at 0x7ff82a710000 of 64 bytes failed: Only part of a ReadProcessMemory or WriteProcessMemory request was completed. (0x12B)
[1125/080130.854:WARNING:pe_image_reader.cc(340)] could not read dos header from S:\Windows\System32\NSI.dll
[1125/080130.854:ERROR:process_memory_win.cc(73)] ReadMemory at 0x7ff821cb0000 of 64 bytes failed: Only part of a ReadProcessMemory or WriteProcessMemory request was completed. (0x12B)
[1125/080130.854:WARNING:pe_image_reader.cc(340)] could not read dos header from S:\Windows\SYSTEM32\WINMMBASE.dll
[1125/080130.854:ERROR:process_memory_win.cc(73)] ReadMemory at 0x7ff829f00000 of 64 bytes failed: Only part of a ReadProcessMemory or WriteProcessMemory request was completed. (0x12B)
[1125/080130.854:WARNING:pe_image_reader.cc(340)] could not read dos header from S:\Windows\System32\cfgmgr32.dll
[1125/080130.854:ERROR:process_memory_win.cc(73)] ReadMemory at 0x7ff8216d0000 of 64 bytes failed: Only part of a ReadProcessMemory or WriteProcessMemory request was completed. (0x12B)
[1125/080130.854:WARNING:pe_image_reader.cc(340)] could not read dos header from S:\Windows\SYSTEM32\PROPSYS.dll
[1125/080130.854:ERROR:process_memory_win.cc(73)] ReadMemory at 0x7ff82baa0000 of 64 bytes failed: Only part of a ReadProcessMemory or WriteProcessMemory request was completed. (0x12B)
[1125/080130.854:WARNING:pe_image_reader.cc(340)] could not read dos header from S:\Windows\System32\shcore.dll
[1125/080130.854:ERROR:process_memory_win.cc(73)] ReadMemory at 0x7ff828c30000 of 64 bytes failed: Only part of a ReadProcessMemory or WriteProcessMemory request was completed. (0x12B)
[1125/080130.854:WARNING:pe_image_reader.cc(340)] could not read dos header from S:\Windows\SYSTEM32\SSPICLI.DLL
[1125/080130.854:ERROR:process_memory_win.cc(73)] ReadMemory at 0x7ff8286d0000 of 64 bytes failed: Only part of a ReadProcessMemory or WriteProcessMemory request was completed. (0x12B)
[1125/080130.854:WARNING:pe_image_reader.cc(340)] could not read dos header from S:\Windows\SYSTEM32\CRYPTBASE.DLL
[1125/080130.854:ERROR:process_memory_win.cc(73)] ReadMemory at 0x7ff754fb0000 of 64 bytes failed: Only part of a ReadProcessMemory or WriteProcessMemory request was completed. (0x12B)
[1125/080130.854:WARNING:pe_image_reader.cc(340)] could not read dos header from S:\Program Files (x86)\Google\Chrome\Application\chrome.exe
[1125/080130.854:ERROR:process_memory_win.cc(73)] ReadMemory at 0x7ff82bea0000 of 64 bytes failed: Only part of a ReadProcessMemory or WriteProcessMemory request was completed. (0x12B)
[1125/080130.854:WARNING:pe_image_reader.cc(340)] could not read dos header from S:\Windows\SYSTEM32\ntdll.dll
[1125/080130.854:ERROR:process_memory_win.cc(73)] ReadMemory at 0x7ff82bc00000 of 64 bytes failed: Only part of a ReadProcessMemory or WriteProcessMemory request was completed. (0x12B)
[1125/080130.854:WARNING:pe_image_reader.cc(340)] could not read dos header from S:\Windows\System32\KERNEL32.DLL
[1125/080130.854:ERROR:process_memory_win.cc(73)] ReadMemory at 0x7ff829130000 of 64 bytes failed: Only part of a ReadProcessMemory or WriteProcessMemory request was completed. (0x12B)
[1125/080130.854:WARNING:pe_image_reader.cc(340)] could not read dos header from S:\Windows\System32\KERNELBASE.dll
[1125/080130.854:ERROR:process_memory_win.cc(73)] ReadMemory at 0x7fffdb1f0000 of 64 bytes failed: Only part of a ReadProcessMemory or WriteProcessMemory request was completed. (0x12B)
[1125/080130.854:WARNING:pe_image_reader.cc(340)] could not read dos header from S:\Program Files (x86)\Google\Chrome\Application\86.0.4240.198\chrome_elf.dll
[1125/080130.854:ERROR:process_memory_win.cc(73)] ReadMemory at 0x7ff81d920000 of 64 bytes failed: Only part of a ReadProcessMemory or WriteProcessMemory request was completed. (0x12B)
[1125/080130.854:WARNING:pe_image_reader.cc(340)] could not read dos header from S:\Windows\SYSTEM32\VERSION.dll
[1125/080130.854:ERROR:process_memory_win.cc(73)] ReadMemory at 0x7ff82ba00000 of 64 bytes failed: Only part of a ReadProcessMemory or WriteProcessMemory request was completed. (0x12B)
[1125/080130.854:WARNING:pe_image_reader.cc(340)] could not read dos header from S:\Windows\System32\msvcrt.dll
[1125/080130.854:ERROR:process_memory_win.cc(73)] ReadMemory at 0x7ff828e50000 of 64 bytes failed: Only part of a ReadProcessMemory or WriteProcessMemory request was completed. (0x12B)
[1125/080130.854:WARNING:pe_image_reader.cc(340)] could not read dos header from S:\Windows\System32\bcryptPrimitives.dll
[1125/080130.854:ERROR:process_memory_win.cc(73)] ReadMemory at 0x7ff82b570000 of 64 bytes failed: Only part of a ReadProcessMemory or WriteProcessMemory request was completed. (0x12B)
[1125/080130.854:WARNING:pe_image_reader.cc(340)] could not read dos header from S:\Windows\System32\ADVAPI32.dll
[1125/080130.854:ERROR:process_memory_win.cc(73)] ReadMemory at 0x7ff82b8f0000 of 64 bytes failed: Only part of a ReadProcessMemory or WriteProcessMemory request was completed. (0x12B)
[1125/080130.854:WARNING:pe_image_reader.cc(340)] could not read dos header from S:\Windows\System32\sechost.dll
[1125/080130.854:ERROR:process_memory_win.cc(73)] ReadMemory at 0x7ff82b300000 of 64 bytes failed: Only part of a ReadProcessMemory or WriteProcessMemory request was completed. (0x12B)
[1125/080130.854:WARNING:pe_image_reader.cc(340)] could not read dos header from S:\Windows\System32\RPCRT4.dll
[1125/080130.854:ERROR:process_memory_win.cc(73)] ReadMemory at 0x7fff8ac90000 of 64 bytes failed: Only part of a ReadProcessMemory or WriteProcessMemory request was completed. (0x12B)
[1125/080130.854:WARNING:pe_image_reader.cc(340)] could not read dos header from S:\Program Files (x86)\Google\Chrome\Application\86.0.4240.198\chrome.dll
[1125/080130.854:ERROR:process_memory_win.cc(73)] ReadMemory at 0x7ff82b880000 of 64 bytes failed: Only part of a ReadProcessMemory or WriteProcessMemory request was completed. (0x12B)
[1125/080130.854:WARNING:pe_image_reader.cc(340)] could not read dos header from S:\Windows\System32\WS2_32.dll
[1125/080130.854:ERROR:process_memory_win.cc(73)] ReadMemory at 0x7ff829f50000 of 64 bytes failed: Only part of a ReadProcessMemory or WriteProcessMemory request was completed. (0x12B)
[1125/080130.854:WARNING:pe_image_reader.cc(340)] could not read dos header from S:\Windows\System32\OLEAUT32.dll
[1125/080130.854:ERROR:process_memory_win.cc(73)] ReadMemory at 0x7ff8293e0000 of 64 bytes failed: Only part of a ReadProcessMemory or WriteProcessMemory request was completed. (0x12B)
[1125/080130.854:WARNING:pe_image_reader.cc(340)] could not read dos header from S:\Windows\System32\msvcp_win.dll
[1125/080130.854:ERROR:process_memory_win.cc(73)] ReadMemory at 0x7ff8294a0000 of 64 bytes failed: Only part of a ReadProcessMemory or WriteProcessMemory request was completed. (0x12B)
[1125/080130.854:WARNING:pe_image_reader.cc(340)] could not read dos header from S:\Windows\System32\ucrtbase.dll
[1125/080130.854:ERROR:process_memory_win.cc(73)] ReadMemory at 0x7ff82a0a0000 of 64 bytes failed: Only part of a ReadProcessMemory or WriteProcessMemory request was completed. (0x12B)
[1125/080130.854:WARNING:pe_image_reader.cc(340)] could not read dos header from S:\Windows\System32\combase.dll
[1125/080130.854:ERROR:process_memory_win.cc(73)] ReadMemory at 0x7ff8290d0000 of 64 bytes failed: Only part of a ReadProcessMemory or WriteProcessMemory request was completed. (0x12B)
[1125/080130.854:WARNING:pe_image_reader.cc(340)] could not read dos header from S:\Windows\System32\WINTRUST.dll
[1125/080130.854:ERROR:process_memory_win.cc(73)] ReadMemory at 0x7ff828e00000 of 64 bytes failed: Only part of a ReadProcessMemory or WriteProcessMemory request was completed. (0x12B)
[1125/080130.854:WARNING:pe_image_reader.cc(340)] could not read dos header from S:\Windows\System32\MSASN1.dll
[1125/080130.854:ERROR:process_memory_win.cc(73)] ReadMemory at 0x7ff828f80000 of 64 bytes failed: Only part of a ReadProcessMemory or WriteProcessMemory request was completed. (0x12B)
[1125/080130.854:WARNING:pe_image_reader.cc(340)] could not read dos header from S:\Windows\System32\CRYPT32.dll
[1125/080130.854:ERROR:process_memory_win.cc(73)] ReadMemory at 0x7ff8276d0000 of 64 bytes failed: Only part of a ReadProcessMemory or WriteProcessMemory request was completed. (0x12B)
[1125/080130.854:WARNING:pe_image_reader.cc(340)] could not read dos header from S:\Windows\SYSTEM32\dbghelp.dll
[1125/080130.854:ERROR:process_memory_win.cc(73)] ReadMemory at 0x7ff828270000 of 64 bytes failed: Only part of a ReadProcessMemory or WriteProcessMemory request was completed. (0x12B)
[1125/080130.854:WARNING:pe_image_reader.cc(340)] could not read dos header from S:\Windows\SYSTEM32\IPHLPAPI.DLL
[1125/080130.854:ERROR:process_memory_win.cc(73)] ReadMemory at 0x7ff821ce0000 of 64 bytes failed: Only part of a ReadProcessMemory or WriteProcessMemory request was completed. (0x12B)
[1125/080130.854:WARNING:pe_image_reader.cc(340)] could not read dos header from S:\Windows\SYSTEM32\WINMM.dll
[1125/080130.854:ERROR:process_memory_win.cc(73)] ReadMemory at 0x7fffeebe0000 of 64 bytes failed: Only part of a ReadProcessMemory or WriteProcessMemory request was completed. (0x12B)
[1125/080130.854:WARNING:pe_image_reader.cc(340)] could not read dos header from S:\Windows\SYSTEM32\UIAutomationCore.DLL
[1125/080130.854:ERROR:process_memory_win.cc(73)] ReadMemory at 0x7ff8128b0000 of 64 bytes failed: Only part of a ReadProcessMemory or WriteProcessMemory request was completed. (0x12B)
[1125/080130.854:WARNING:pe_image_reader.cc(340)] could not read dos header from S:\Windows\SYSTEM32\Secur32.dll
[1125/080130.854:ERROR:process_memory_win.cc(73)] ReadMemory at 0x7ff828c70000 of 64 bytes failed: Only part of a ReadProcessMemory or WriteProcessMemory request was completed. (0x12B)
[1125/080130.854:WARNING:pe_image_reader.cc(340)] could not read dos header from S:\Windows\SYSTEM32\USERENV.dll
[1125/080130.854:ERROR:process_memory_win.cc(73)] ReadMemory at 0x7ff828dd0000 of 64 bytes failed: Only part of a ReadProcessMemory or WriteProcessMemory request was completed. (0x12B)
[1125/080130.854:WARNING:pe_image_reader.cc(340)] could not read dos header from S:\Windows\System32\profapi.dll
[1125/080130.854:ERROR:process_memory_win.cc(73)] ReadMemory at 0x7ffff9e40000 of 64 bytes failed: Only part of a ReadProcessMemory or WriteProcessMemory request was completed. (0x12B)
[1125/080130.854:WARNING:pe_image_reader.cc(340)] could not read dos header from S:\Windows\SYSTEM32\DWrite.dll
[1125/080130.854:ERROR:process_memory_win.cc(73)] ReadMemory at 0x7ff812de0000 of 64 bytes failed: Only part of a ReadProcessMemory or WriteProcessMemory request was completed. (0x12B)
[1125/080130.854:WARNING:pe_image_reader.cc(340)] could not read dos header from S:\Windows\SYSTEM32\WINSPOOL.DRV
[1125/080130.854:ERROR:process_memory_win.cc(73)] ReadMemory at 0x7ff828db0000 of 64 bytes failed: Only part of a ReadProcessMemory or WriteProcessMemory request was completed. (0x12B)
[1125/080130.854:WARNING:pe_image_reader.cc(340)] could not read dos header from S:\Windows\System32\kernel.appcore.dll
[1125/080130.854:ERROR:process_memory_win.cc(73)] ReadMemory at 0x7ff828e20000 of 64 bytes failed: Only part of a ReadProcessMemory or WriteProcessMemory request was completed. (0x12B)
[1125/080130.854:WARNING:pe_image_reader.cc(340)] could not read dos header from S:\Windows\System32\bcrypt.dll
[1125/080130.854:ERROR:process_memory_win.cc(73)] ReadMemory at 0x7ff820d20000 of 64 bytes failed: Only part of a ReadProcessMemory or WriteProcessMemory request was completed. (0x12B)
[1125/080130.854:WARNING:pe_image_reader.cc(340)] could not read dos header from S:\Windows\SYSTEM32\WINHTTP.dll
[1125/080130.854:ERROR:process_memory_win.cc(73)] ReadMemory at 0x7ff8275e0000 of 64 bytes failed: Only part of a ReadProcessMemory or WriteProcessMemory request was completed. (0x12B)
[1125/080130.854:WARNING:pe_image_reader.cc(340)] could not read dos header from S:\Windows\SYSTEM32\dhcpcsvc.DLL
[1125/080130.854:ERROR:process_memory_win.cc(73)] ReadMemory at 0x7ff82a710000 of 64 bytes failed: Only part of a ReadProcessMemory or WriteProcessMemory request was completed. (0x12B)
[1125/080130.854:WARNING:pe_image_reader.cc(340)] could not read dos header from S:\Windows\System32\NSI.dll
[1125/080130.854:ERROR:process_memory_win.cc(73)] ReadMemory at 0x7ff821cb0000 of 64 bytes failed: Only part of a ReadProcessMemory or WriteProcessMemory request was completed. (0x12B)
[1125/080130.854:WARNING:pe_image_reader.cc(340)] could not read dos header from S:\Windows\SYSTEM32\WINMMBASE.dll
[1125/080130.854:ERROR:process_memory_win.cc(73)] ReadMemory at 0x7ff829f00000 of 64 bytes failed: Only part of a ReadProcessMemory or WriteProcessMemory request was completed. (0x12B)
[1125/080130.854:WARNING:pe_image_reader.cc(340)] could not read dos header from S:\Windows\System32\cfgmgr32.dll
[1125/080130.854:ERROR:process_memory_win.cc(73)] ReadMemory at 0x7ff8216d0000 of 64 bytes failed: Only part of a ReadProcessMemory or WriteProcessMemory request was completed. (0x12B)
[1125/080130.854:WARNING:pe_image_reader.cc(340)] could not read dos header from S:\Windows\SYSTEM32\PROPSYS.dll
[1125/080130.854:ERROR:process_memory_win.cc(73)] ReadMemory at 0x7ff82baa0000 of 64 bytes failed: Only part of a ReadProcessMemory or WriteProcessMemory request was completed. (0x12B)
[1125/080130.854:WARNING:pe_image_reader.cc(340)] could not read dos header from S:\Windows\System32\shcore.dll
[1125/080130.854:ERROR:process_memory_win.cc(73)] ReadMemory at 0x7ff828c30000 of 64 bytes failed: Only part of a ReadProcessMemory or WriteProcessMemory request was completed. (0x12B)
[1125/080130.854:WARNING:pe_image_reader.cc(340)] could not read dos header from S:\Windows\SYSTEM32\SSPICLI.DLL
[1125/080130.854:ERROR:process_memory_win.cc(73)] ReadMemory at 0x7ff8286d0000 of 64 bytes failed: Only part of a ReadProcessMemory or WriteProcessMemory request was completed. (0x12B)
[1125/080130.854:WARNING:pe_image_reader.cc(340)] could not read dos header from S:\Windows\SYSTEM32\CRYPTBASE.DLL
[1125/080130.870:ERROR:process_memory_win.cc(73)] ReadMemory at 0x2542ff4000 of 49152 bytes failed: Only part of a ReadProcessMemory or WriteProcessMemory request was completed. (0x12B)
[1125/080130.870:ERROR:process_memory_win.cc(73)] ReadMemory at 0x25437fe000 of 8192 bytes failed: Only part of a ReadProcessMemory or WriteProcessMemory request was completed. (0x12B)
[1125/080130.870:ERROR:process_memory_win.cc(73)] ReadMemory at 0x2543ffe000 of 8192 bytes failed: Only part of a ReadProcessMemory or WriteProcessMemory request was completed. (0x12B)
[1125/080130.870:ERROR:process_memory_win.cc(73)] ReadMemory at 0x25447fd000 of 12288 bytes failed: Only part of a ReadProcessMemory or WriteProcessMemory request was completed. (0x12B)
[1125/080130.870:ERROR:process_memory_win.cc(73)] ReadMemory at 0x2544ffd000 of 12288 bytes failed: Only part of a ReadProcessMemory or WriteProcessMemory request was completed. (0x12B)
[1125/080130.870:ERROR:process_memory_win.cc(73)] ReadMemory at 0x25457fe000 of 8192 bytes failed: Only part of a ReadProcessMemory or WriteProcessMemory request was completed. (0x12B)
[1125/080130.870:ERROR:process_memory_win.cc(73)] ReadMemory at 0x2545ffe000 of 8192 bytes failed: Only part of a ReadProcessMemory or WriteProcessMemory request was completed. (0x12B)
[1125/080130.870:ERROR:process_memory_win.cc(73)] ReadMemory at 0x25467fe000 of 8192 bytes failed: Only part of a ReadProcessMemory or WriteProcessMemory request was completed. (0x12B)
[1125/080130.870:ERROR:process_memory_win.cc(73)] ReadMemory at 0x2546ffd000 of 12288 bytes failed: Only part of a ReadProcessMemory or WriteProcessMemory request was completed. (0x12B)
[1125/080130.870:ERROR:process_memory_win.cc(73)] ReadMemory at 0x25477fe000 of 8192 bytes failed: Only part of a ReadProcessMemory or WriteProcessMemory request was completed. (0x12B)
[1125/080130.870:ERROR:process_memory_win.cc(73)] ReadMemory at 0x2547ffe000 of 8192 bytes failed: Only part of a ReadProcessMemory or WriteProcessMemory request was completed. (0x12B)
[1125/080130.870:ERROR:process_memory_win.cc(73)] ReadMemory at 0x25487fe000 of 8192 bytes failed: Only part of a ReadProcessMemory or WriteProcessMemory request was completed. (0x12B)
[1125/080130.870:ERROR:process_memory_win.cc(73)] ReadMemory at 0x2548ffe000 of 8192 bytes failed: Only part of a ReadProcessMemory or WriteProcessMemory request was completed. (0x12B)
[1125/080130.870:ERROR:process_memory_win.cc(73)] ReadMemory at 0x25497fe000 of 8192 bytes failed: Only part of a ReadProcessMemory or WriteProcessMemory request was completed. (0x12B)
[1125/080130.870:ERROR:process_memory_win.cc(73)] ReadMemory at 0x2549ffe000 of 8192 bytes failed: Only part of a ReadProcessMemory or WriteProcessMemory request was completed. (0x12B)
[1125/080130.870:ERROR:process_memory_win.cc(73)] ReadMemory at 0x254262c000 of 852 bytes failed: Only part of a ReadProcessMemory or WriteProcessMemory request was completed. (0x12B)
[1125/080130.870:ERROR:process_memory_win.cc(73)] ReadMemory at 0x254262d000 of 6024 bytes failed: Only part of a ReadProcessMemory or WriteProcessMemory request was completed. (0x12B)
[1125/080130.870:ERROR:process_memory_win.cc(73)] ReadMemory at 0x254262f000 of 6024 bytes failed: Only part of a ReadProcessMemory or WriteProcessMemory request was completed. (0x12B)
[1125/080130.870:ERROR:process_memory_win.cc(73)] ReadMemory at 0x2542631000 of 6024 bytes failed: Only part of a ReadProcessMemory or WriteProcessMemory request was completed. (0x12B)
[1125/080130.870:ERROR:process_memory_win.cc(73)] ReadMemory at 0x2542633000 of 6024 bytes failed: Only part of a ReadProcessMemory or WriteProcessMemory request was completed. (0x12B)
[1125/080130.870:ERROR:process_memory_win.cc(73)] ReadMemory at 0x2542635000 of 6024 bytes failed: Only part of a ReadProcessMemory or WriteProcessMemory request was completed. (0x12B)
[1125/080130.870:ERROR:process_memory_win.cc(73)] ReadMemory at 0x2542637000 of 6024 bytes failed: Only part of a ReadProcessMemory or WriteProcessMemory request was completed. (0x12B)
[1125/080130.870:ERROR:process_memory_win.cc(73)] ReadMemory at 0x2542639000 of 6024 bytes failed: Only part of a ReadProcessMemory or WriteProcessMemory request was completed. (0x12B)
[1125/080130.870:ERROR:process_memory_win.cc(73)] ReadMemory at 0x254263b000 of 6024 bytes failed: Only part of a ReadProcessMemory or WriteProcessMemory request was completed. (0x12B)
[1125/080130.870:ERROR:process_memory_win.cc(73)] ReadMemory at 0x254263d000 of 6024 bytes failed: Only part of a ReadProcessMemory or WriteProcessMemory request was completed. (0x12B)
[1125/080130.870:ERROR:process_memory_win.cc(73)] ReadMemory at 0x254263f000 of 6024 bytes failed: Only part of a ReadProcessMemory or WriteProcessMemory request was completed. (0x12B)
[1125/080130.870:ERROR:process_memory_win.cc(73)] ReadMemory at 0x2542641000 of 6024 bytes failed: Only part of a ReadProcessMemory or WriteProcessMemory request was completed. (0x12B)
[1125/080130.870:ERROR:process_memory_win.cc(73)] ReadMemory at 0x2542643000 of 6024 bytes failed: Only part of a ReadProcessMemory or WriteProcessMemory request was completed. (0x12B)
[1125/080130.870:ERROR:process_memory_win.cc(73)] ReadMemory at 0x2542645000 of 6024 bytes failed: Only part of a ReadProcessMemory or WriteProcessMemory request was completed. (0x12B)
[1125/080130.870:ERROR:process_memory_win.cc(73)] ReadMemory at 0x2542647000 of 6024 bytes failed: Only part of a ReadProcessMemory or WriteProcessMemory request was completed. (0x12B)
[1125/080130.870:ERROR:process_memory_win.cc(73)] ReadMemory at 0x2542649000 of 6024 bytes failed: Only part of a ReadProcessMemory or WriteProcessMemory request was completed. (0x12B)
[1125/080130.870:ERROR:process_memory_win.cc(73)] ReadMemory at 0x1b2d93c0c40 of 512 bytes failed: Only part of a ReadProcessMemory or WriteProcessMemory request was completed. (0x12B)
[1125/080130.870:ERROR:process_memory_win.cc(73)] ReadMemory at 0x1b2d93c10c0 of 512 bytes failed: Only part of a ReadProcessMemory or WriteProcessMemory request was completed. (0x12B)
[1125/080130.870:ERROR:process_memory_win.cc(73)] ReadMemory at 0x1b2d9430fe0 of 7564 bytes failed: Only part of a ReadProcessMemory or WriteProcessMemory request was completed. (0x12B)
[1125/080130.870:ERROR:process_memory_win.cc(73)] ReadMemory at 0x1b2d9432d80 of 1012 bytes failed: Only part of a ReadProcessMemory or WriteProcessMemory request was completed. (0x12B)
[1125/080130.870:ERROR:process_memory_win.cc(73)] ReadMemory at 0x1b2d94333c8 of 118 bytes failed: Only part of a ReadProcessMemory or WriteProcessMemory request was completed. (0x12B)
[1125/080130.870:ERROR:process_memory_win.cc(73)] ReadMemory at 0x1b2d9433440 of 712 bytes failed: Only part of a ReadProcessMemory or WriteProcessMemory request was completed. (0x12B)
[1125/080130.870:ERROR:process_memory_win.cc(73)] ReadMemory at 0x1b2d943370a of 118 bytes failed: Only part of a ReadProcessMemory or WriteProcessMemory request was completed. (0x12B)
[1125/080130.870:ERROR:process_memory_win.cc(73)] ReadMemory at 0x1b2d9433782 of 96 bytes failed: Only part of a ReadProcessMemory or WriteProcessMemory request was completed. (0x12B)
[1125/080130.870:ERROR:process_memory_win.cc(73)] ReadMemory at 0x1b2d94337f0 of 58 bytes failed: Only part of a ReadProcessMemory or WriteProcessMemory request was completed. (0x12B)
[1125/080130.870:ERROR:process_memory_win.cc(73)] ReadMemory at 0x1b2d94338f0 of 132 bytes failed: Only part of a ReadProcessMemory or WriteProcessMemory request was completed. (0x12B)
[1125/080130.870:ERROR:process_memory_win.cc(73)] ReadMemory at 0x1b2d9433a80 of 132 bytes failed: Only part of a ReadProcessMemory or WriteProcessMemory request was completed. (0x12B)
[1125/080130.870:ERROR:process_memory_win.cc(73)] ReadMemory at 0x1b2d9433c40 of 126 bytes failed: Only part of a ReadProcessMemory or WriteProcessMemory request was completed. (0x12B)
[1125/080130.870:ERROR:process_memory_win.cc(73)] ReadMemory at 0x1b2d9434140 of 132 bytes failed: Only part of a ReadProcessMemory or WriteProcessMemory request was completed. (0x12B)
[1125/080130.870:ERROR:process_memory_win.cc(73)] ReadMemory at 0x1b2d94342d0 of 64 bytes failed: Only part of a ReadProcessMemory or WriteProcessMemory request was completed. (0x12B)
[1125/080130.870:ERROR:process_memory_win.cc(73)] ReadMemory at 0x1b2d9434490 of 132 bytes failed: Only part of a ReadProcessMemory or WriteProcessMemory request was completed. (0x12B)
[1125/080130.870:ERROR:process_memory_win.cc(73)] ReadMemory at 0x1b2d9434730 of 132 bytes failed: Only part of a ReadProcessMemory or WriteProcessMemory request was completed. (0x12B)
[1125/080130.870:ERROR:process_memory_win.cc(73)] ReadMemory at 0x1b2d94348c0 of 68 bytes failed: Only part of a ReadProcessMemory or WriteProcessMemory request was completed. (0x12B)
[1125/080130.870:ERROR:process_memory_win.cc(73)] ReadMemory at 0x1b2d9435970 of 132 bytes failed: Only part of a ReadProcessMemory or WriteProcessMemory request was completed. (0x12B)
[1125/080130.870:ERROR:process_memory_win.cc(73)] ReadMemory at 0x1b2d9435b00 of 154 bytes failed: Only part of a ReadProcessMemory or WriteProcessMemory request was completed. (0x12B)
[1125/080130.870:ERROR:process_memory_win.cc(73)] ReadMemory at 0x1b2d9436730 of 132 bytes failed: Only part of a ReadProcessMemory or WriteProcessMemory request was completed. (0x12B)
[1125/080130.870:ERROR:process_memory_win.cc(73)] ReadMemory at 0x1b2d9436860 of 60 bytes failed: Only part of a ReadProcessMemory or WriteProcessMemory request was completed. (0x12B)
[1125/080130.870:ERROR:process_memory_win.cc(73)] ReadMemory at 0x1b2d9437df0 of 62 bytes failed: Only part of a ReadProcessMemory or WriteProcessMemory request was completed. (0x12B)
[1125/080130.870:ERROR:process_memory_win.cc(73)] ReadMemory at 0x1b2d943ca10 of 54 bytes failed: Only part of a ReadProcessMemory or WriteProcessMemory request was completed. (0x12B)
[1125/080130.870:ERROR:process_memory_win.cc(73)] ReadMemory at 0x1b2d94403c0 of 80 bytes failed: Only part of a ReadProcessMemory or WriteProcessMemory request was completed. (0x12B)
[1125/080130.870:ERROR:process_memory_win.cc(73)] ReadMemory at 0x1b2d9440600 of 80 bytes failed: Only part of a ReadProcessMemory or WriteProcessMemory request was completed. (0x12B)
[1125/080130.870:ERROR:process_memory_win.cc(73)] ReadMemory at 0x1b2d944082c of 512 bytes failed: Only part of a ReadProcessMemory or WriteProcessMemory request was completed. (0x12B)
[1125/080130.870:ERROR:process_memory_win.cc(73)] ReadMemory at 0x1b2d9444360 of 132 bytes failed: Only part of a ReadProcessMemory or WriteProcessMemory request was completed. (0x12B)
[1125/080130.870:ERROR:process_memory_win.cc(73)] ReadMemory at 0x1b2d94448e0 of 132 bytes failed: Only part of a ReadProcessMemory or WriteProcessMemory request was completed. (0x12B)
[1125/080130.870:ERROR:process_memory_win.cc(73)] ReadMemory at 0x1b2d9444b00 of 132 bytes failed: Only part of a ReadProcessMemory or WriteProcessMemory request was completed. (0x12B)
[1125/080130.870:ERROR:process_memory_win.cc(73)] ReadMemory at 0x1b2d9444fa0 of 146 bytes failed: Only part of a ReadProcessMemory or WriteProcessMemory request was completed. (0x12B)
[1125/080130.870:ERROR:process_memory_win.cc(73)] ReadMemory at 0x1b2d94450e0 of 132 bytes failed: Only part of a ReadProcessMemory or WriteProcessMemory request was completed. (0x12B)
[1125/080130.870:ERROR:process_memory_win.cc(73)] ReadMemory at 0x1b2d9445a20 of 132 bytes failed: Only part of a ReadProcessMemory or WriteProcessMemory request was completed. (0x12B)
[1125/080130.870:ERROR:process_memory_win.cc(73)] ReadMemory at 0x1b2d9447f90 of 132 bytes failed: Only part of a ReadProcessMemory or WriteProcessMemory request was completed. (0x12B)
[1125/080130.870:ERROR:process_memory_win.cc(73)] ReadMemory at 0x1b2d94480c0 of 132 bytes failed: Only part of a ReadProcessMemory or WriteProcessMemory request was completed. (0x12B)
[1125/080130.870:ERROR:process_memory_win.cc(73)] ReadMemory at 0x1b2d94481f0 of 132 bytes failed: Only part of a ReadProcessMemory or WriteProcessMemory request was completed. (0x12B)
[1125/080130.870:ERROR:process_memory_win.cc(73)] ReadMemory at 0x1b2d9448320 of 132 bytes failed: Only part of a ReadProcessMemory or WriteProcessMemory request was completed. (0x12B)
[1125/080130.870:ERROR:process_memory_win.cc(73)] ReadMemory at 0x1b2d9448450 of 132 bytes failed: Only part of a ReadProcessMemory or WriteProcessMemory request was completed. (0x12B)
[1125/080130.870:ERROR:process_memory_win.cc(73)] ReadMemory at 0x1b2d9448580 of 132 bytes failed: Only part of a ReadProcessMemory or WriteProcessMemory request was completed. (0x12B)
[1125/080130.870:ERROR:process_memory_win.cc(73)] ReadMemory at 0x1b2d94487e0 of 132 bytes failed: Only part of a ReadProcessMemory or WriteProcessMemory request was completed. (0x12B)
[1125/080130.870:ERROR:process_memory_win.cc(73)] ReadMemory at 0x1b2d9448910 of 132 bytes failed: Only part of a ReadProcessMemory or WriteProcessMemory request was completed. (0x12B)
[1125/080130.870:ERROR:process_memory_win.cc(73)] ReadMemory at 0x1b2d9448a40 of 132 bytes failed: Only part of a ReadProcessMemory or WriteProcessMemory request was completed. (0x12B)
[1125/080130.870:ERROR:process_memory_win.cc(73)] ReadMemory at 0x1b2d9448b70 of 132 bytes failed: Only part of a ReadProcessMemory or WriteProcessMemory request was completed. (0x12B)
[1125/080130.870:ERROR:process_memory_win.cc(73)] ReadMemory at 0x1b2d9448ca0 of 132 bytes failed: Only part of a ReadProcessMemory or WriteProcessMemory request was completed. (0x12B)
[1125/080130.870:ERROR:process_memory_win.cc(73)] ReadMemory at 0x1b2d9448dd0 of 132 bytes failed: Only part of a ReadProcessMemory or WriteProcessMemory request was completed. (0x12B)
[1125/080130.870:ERROR:process_memory_win.cc(73)] ReadMemory at 0x1b2d944a750 of 64 bytes failed: Only part of a ReadProcessMemory or WriteProcessMemory request was completed. (0x12B)
[1125/080130.870:ERROR:process_memory_win.cc(73)] ReadMemory at 0x1b2d944a7a0 of 64 bytes failed: Only part of a ReadProcessMemory or WriteProcessMemory request was completed. (0x12B)
[1125/080130.870:ERROR:process_memory_win.cc(73)] ReadMemory at 0x1b2d944a7f0 of 60 bytes failed: Only part of a ReadProcessMemory or WriteProcessMemory request was completed. (0x12B)
[1125/080130.878:ERROR:process_memory_win.cc(73)] ReadMemory at 0x1b2d944a890 of 64 bytes failed: Only part of a ReadProcessMemory or WriteProcessMemory request was completed. (0x12B)
[1125/080130.878:ERROR:process_memory_win.cc(73)] ReadMemory at 0x1b2d944a8e0 of 60 bytes failed: Only part of a ReadProcessMemory or WriteProcessMemory request was completed. (0x12B)
[1125/080130.878:ERROR:process_memory_win.cc(73)] ReadMemory at 0x1b2d944a980 of 62 bytes failed: Only part of a ReadProcessMemory or WriteProcessMemory request was completed. (0x12B)
[1125/080130.878:ERROR:process_memory_win.cc(73)] ReadMemory at 0x1b2d944aa20 of 60 bytes failed: Only part of a ReadProcessMemory or WriteProcessMemory request was completed. (0x12B)
[1125/080130.878:ERROR:process_memory_win.cc(73)] ReadMemory at 0x1b2d944ab10 of 60 bytes failed: Only part of a ReadProcessMemory or WriteProcessMemory request was completed. (0x12B)
[1125/080130.878:ERROR:process_memory_win.cc(73)] ReadMemory at 0x1b2d944ab60 of 62 bytes failed: Only part of a ReadProcessMemory or WriteProcessMemory request was completed. (0x12B)
[1125/080130.878:ERROR:process_memory_win.cc(73)] ReadMemory at 0x1b2d944ac00 of 60 bytes failed: Only part of a ReadProcessMemory or WriteProcessMemory request was completed. (0x12B)
[1125/080130.878:ERROR:process_memory_win.cc(73)] ReadMemory at 0x1b2d944aca0 of 66 bytes failed: Only part of a ReadProcessMemory or WriteProcessMemory request was completed. (0x12B)
[1125/080130.878:ERROR:process_memory_win.cc(73)] ReadMemory at 0x1b2d944ad40 of 58 bytes failed: Only part of a ReadProcessMemory or WriteProcessMemory request was completed. (0x12B)
[1125/080130.878:ERROR:process_memory_win.cc(73)] ReadMemory at 0x1b2d944ad90 of 62 bytes failed: Only part of a ReadProcessMemory or WriteProcessMemory request was completed. (0x12B)
[1125/080130.878:ERROR:process_memory_win.cc(73)] ReadMemory at 0x1b2d944ade0 of 62 bytes failed: Only part of a ReadProcessMemory or WriteProcessMemory request was completed. (0x12B)
[1125/080130.878:ERROR:process_memory_win.cc(73)] ReadMemory at 0x1b2d944ae30 of 62 bytes failed: Only part of a ReadProcessMemory or WriteProcessMemory request was completed. (0x12B)
[1125/080130.878:ERROR:process_memory_win.cc(73)] ReadMemory at 0x1b2d944aed0 of 64 bytes failed: Only part of a ReadProcessMemory or WriteProcessMemory request was completed. (0x12B)
[1125/080130.878:ERROR:process_memory_win.cc(73)] ReadMemory at 0x1b2d944af20 of 62 bytes failed: Only part of a ReadProcessMemory or WriteProcessMemory request was completed. (0x12B)
[1125/080130.878:ERROR:process_memory_win.cc(73)] ReadMemory at 0x1b2d944b010 of 64 bytes failed: Only part of a ReadProcessMemory or WriteProcessMemory request was completed. (0x12B)
[1125/080130.878:ERROR:process_memory_win.cc(73)] ReadMemory at 0x1b2d944b100 of 62 bytes failed: Only part of a ReadProcessMemory or WriteProcessMemory request was completed. (0x12B)
[1125/080130.878:ERROR:process_memory_win.cc(73)] ReadMemory at 0x1b2d944b150 of 62 bytes failed: Only part of a ReadProcessMemory or WriteProcessMemory request was completed. (0x12B)
[1125/080130.878:ERROR:process_memory_win.cc(73)] ReadMemory at 0x1b2d944b1a0 of 64 bytes failed: Only part of a ReadProcessMemory or WriteProcessMemory request was completed. (0x12B)
[1125/080130.878:ERROR:process_memory_win.cc(73)] ReadMemory at 0x1b2d944b380 of 62 bytes failed: Only part of a ReadProcessMemory or WriteProcessMemory request was completed. (0x12B)
[1125/080130.878:ERROR:process_memory_win.cc(73)] ReadMemory at 0x1b2d944b3d0 of 64 bytes failed: Only part of a ReadProcessMemory or WriteProcessMemory request was completed. (0x12B)
[1125/080130.878:ERROR:process_memory_win.cc(73)] ReadMemory at 0x1b2d944b420 of 60 bytes failed: Only part of a ReadProcessMemory or WriteProcessMemory request was completed. (0x12B)
[1125/080130.878:ERROR:process_memory_win.cc(73)] ReadMemory at 0x1b2d944b510 of 66 bytes failed: Only part of a ReadProcessMemory or WriteProcessMemory request was completed. (0x12B)
[1125/080130.878:ERROR:process_memory_win.cc(73)] ReadMemory at 0x1b2d944b560 of 62 bytes failed: Only part of a ReadProcessMemory or WriteProcessMemory request was completed. (0x12B)
[1125/080130.878:ERROR:process_memory_win.cc(73)] ReadMemory at 0x1b2d944b6a0 of 64 bytes failed: Only part of a ReadProcessMemory or WriteProcessMemory request was completed. (0x12B)
[1125/080130.878:ERROR:process_memory_win.cc(73)] ReadMemory at 0x1b2d944b900 of 132 bytes failed: Only part of a ReadProcessMemory or WriteProcessMemory request was completed. (0x12B)
[1125/080130.878:ERROR:process_memory_win.cc(73)] ReadMemory at 0x1b2d944c160 of 132 bytes failed: Only part of a ReadProcessMemory or WriteProcessMemory request was completed. (0x12B)
[1125/080130.878:ERROR:process_memory_win.cc(73)] ReadMemory at 0x1b2d944e4f0 of 132 bytes failed: Only part of a ReadProcessMemory or WriteProcessMemory request was completed. (0x12B)
[1125/080130.878:ERROR:process_memory_win.cc(73)] ReadMemory at 0x1b2d9453be0 of 132 bytes failed: Only part of a ReadProcessMemory or WriteProcessMemory request was completed. (0x12B)
[1125/080130.878:ERROR:process_memory_win.cc(73)] ReadMemory at 0x1b2d9453df0 of 132 bytes failed: Only part of a ReadProcessMemory or WriteProcessMemory request was completed. (0x12B)
[1125/080130.878:ERROR:process_memory_win.cc(73)] ReadMemory at 0x1b2d9453f70 of 132 bytes failed: Only part of a ReadProcessMemory or WriteProcessMemory request was completed. (0x12B)
[1125/080130.878:ERROR:process_memory_win.cc(73)] ReadMemory at 0x1b2d9454430 of 132 bytes failed: Only part of a ReadProcessMemory or WriteProcessMemory request was completed. (0x12B)
[1125/080130.878:ERROR:process_memory_win.cc(73)] ReadMemory at 0x1b2d9454560 of 132 bytes failed: Only part of a ReadProcessMemory or WriteProcessMemory request was completed. (0x12B)
[1125/080130.878:ERROR:process_memory_win.cc(73)] ReadMemory at 0x1b2d9454690 of 132 bytes failed: Only part of a ReadProcessMemory or WriteProcessMemory request was completed. (0x12B)
[1125/080130.878:ERROR:process_memory_win.cc(73)] ReadMemory at 0x1b2d94547c0 of 132 bytes failed: Only part of a ReadProcessMemory or WriteProcessMemory request was completed. (0x12B)
[1125/080130.878:ERROR:process_memory_win.cc(73)] ReadMemory at 0x1b2d94548f0 of 132 bytes failed: Only part of a ReadProcessMemory or WriteProcessMemory request was completed. (0x12B)
[1125/080130.878:ERROR:process_memory_win.cc(73)] ReadMemory at 0x1b2d9454db0 of 132 bytes failed: Only part of a ReadProcessMemory or WriteProcessMemory request was completed. (0x12B)
[1125/080130.878:ERROR:process_memory_win.cc(73)] ReadMemory at 0x1b2d9455140 of 132 bytes failed: Only part of a ReadProcessMemory or WriteProcessMemory request was completed. (0x12B)
[1125/080130.878:ERROR:process_memory_win.cc(73)] ReadMemory at 0x1b2d94553a0 of 132 bytes failed: Only part of a ReadProcessMemory or WriteProcessMemory request was completed. (0x12B)
[1125/080130.878:ERROR:process_memory_win.cc(73)] ReadMemory at 0x1b2d9455730 of 132 bytes failed: Only part of a ReadProcessMemory or WriteProcessMemory request was completed. (0x12B)
[1125/080130.878:ERROR:process_memory_win.cc(73)] ReadMemory at 0x1b2d9457330 of 76 bytes failed: Only part of a ReadProcessMemory or WriteProcessMemory request was completed. (0x12B)
[1125/080130.878:ERROR:process_memory_win.cc(73)] ReadMemory at 0x1b2d949e070 of 976 bytes failed: Only part of a ReadProcessMemory or WriteProcessMemory request was completed. (0x12B)
[1125/080130.878:ERROR:process_memory_win.cc(73)] ReadMemory at 0x1b2d949e570 of 512 bytes failed: Only part of a ReadProcessMemory or WriteProcessMemory request was completed. (0x12B)
[1125/080130.878:ERROR:process_memory_win.cc(73)] ReadMemory at 0x1b2d949f170 of 512 bytes failed: Only part of a ReadProcessMemory or WriteProcessMemory request was completed. (0x12B)
[1125/080130.878:ERROR:process_memory_win.cc(73)] ReadMemory at 0x1b2d94b8af0 of 512 bytes failed: Only part of a ReadProcessMemory or WriteProcessMemory request was completed. (0x12B)
[1125/080130.878:ERROR:process_memory_win.cc(73)] ReadMemory at 0x1b2d94bdf90 of 512 bytes failed: Only part of a ReadProcessMemory or WriteProcessMemory request was completed. (0x12B)
[1125/080130.878:ERROR:process_memory_win.cc(73)] ReadMemory at 0x1b2d94c05c0 of 512 bytes failed: Only part of a ReadProcessMemory or WriteProcessMemory request was completed. (0x12B)
[1125/080130.882:ERROR:process_memory_win.cc(73)] ReadMemory at 0x1b2d94c44d0 of 712 bytes failed: Only part of a ReadProcessMemory or WriteProcessMemory request was completed. (0x12B)
[1125/080130.882:ERROR:process_memory_win.cc(73)] ReadMemory at 0x1b2d94c8c20 of 512 bytes failed: Only part of a ReadProcessMemory or WriteProcessMemory request was completed. (0x12B)
[1125/080130.882:ERROR:process_memory_win.cc(73)] ReadMemory at 0x1b2d9504ab0 of 512 bytes failed: Only part of a ReadProcessMemory or WriteProcessMemory request was completed. (0x12B)
[1125/080130.882:ERROR:process_memory_win.cc(73)] ReadMemory at 0x1b2d952bd60 of 512 bytes failed: Only part of a ReadProcessMemory or WriteProcessMemory request was completed. (0x12B)
[1125/080130.882:ERROR:process_memory_win.cc(73)] ReadMemory at 0x1b2d952c7e0 of 512 bytes failed: Only part of a ReadProcessMemory or WriteProcessMemory request was completed. (0x12B)
[1125/080130.882:ERROR:process_memory_win.cc(73)] ReadMemory at 0x1b2dace0000 of 384 bytes failed: Only part of a ReadProcessMemory or WriteProcessMemory request was completed. (0x12B)
[1125/080130.882:ERROR:process_memory_win.cc(73)] ReadMemory at 0x1b2dad063f0 of 512 bytes failed: Only part of a ReadProcessMemory or WriteProcessMemory request was completed. (0x12B)
[1125/080130.882:ERROR:process_memory_win.cc(73)] ReadMemory at 0x1b2dad35200 of 512 bytes failed: Only part of a ReadProcessMemory or WriteProcessMemory request was completed. (0x12B)
[1125/080130.882:ERROR:process_memory_win.cc(73)] ReadMemory at 0x1b2dad362b8 of 944 bytes failed: Only part of a ReadProcessMemory or WriteProcessMemory request was completed. (0x12B)
[1125/080130.882:ERROR:process_memory_win.cc(73)] ReadMemory at 0x1b2dad37c08 of 512 bytes failed: Only part of a ReadProcessMemory or WriteProcessMemory request was completed. (0x12B)
[1125/080130.882:ERROR:process_memory_win.cc(73)] ReadMemory at 0x1b2dade4132 of 868 bytes failed: Only part of a ReadProcessMemory or WriteProcessMemory request was completed. (0x12B)
[1125/080130.882:ERROR:process_memory_win.cc(73)] ReadMemory at 0x1b2dade4556 of 512 bytes failed: Only part of a ReadProcessMemory or WriteProcessMemory request was completed. (0x12B)
[1125/080130.882:ERROR:process_memory_win.cc(73)] ReadMemory at 0x1b2daf28920 of 512 bytes failed: Only part of a ReadProcessMemory or WriteProcessMemory request was completed. (0x12B)
[1125/080130.882:ERROR:process_memory_win.cc(73)] ReadMemory at 0x4e1ebd4b0b88 of 512 bytes failed: Only part of a ReadProcessMemory or WriteProcessMemory request was completed. (0x12B)
[1125/080130.882:ERROR:process_memory_win.cc(73)] ReadMemory at 0x7ff82939d700 of 512 bytes failed: Only part of a ReadProcessMemory or WriteProcessMemory request was completed. (0x12B)
[1125/080130.882:ERROR:process_memory_win.cc(73)] ReadMemory at 0x7ff82bc21fd0 of 512 bytes failed: Only part of a ReadProcessMemory or WriteProcessMemory request was completed. (0x12B)
[1125/080130.882:ERROR:process_memory_win.cc(73)] ReadMemory at 0x7ff82bf3c6f4 of 672 bytes failed: Only part of a ReadProcessMemory or WriteProcessMemory request was completed. (0x12B)
[1125/080130.882:ERROR:process_memory_win.cc(73)] ReadMemory at 0x7ff82bf3ccf4 of 512 bytes failed: Only part of a ReadProcessMemory or WriteProcessMemory request was completed. (0x12B)
[1125/080130.882:ERROR:process_memory_win.cc(73)] ReadMemory at 0x7ff82bf3ffa4 of 608 bytes failed: Only part of a ReadProcessMemory or WriteProcessMemory request was completed. (0x12B)
[1125/080130.882:ERROR:process_memory_win.cc(73)] ReadMemory at 0x7ff82bfcc428 of 18 bytes failed: Only part of a ReadProcessMemory or WriteProcessMemory request was completed. (0x12B)
[1125/080130.882:ERROR:process_memory_win.cc(73)] ReadMemory at 0x7ff82bfff4f8 of 40 bytes failed: Only part of a ReadProcessMemory or WriteProcessMemory request was completed. (0x12B)
[1125/080130.882:ERROR:process_memory_win.cc(73)] ReadMemory at 0x7ff82bfff978 of 48 bytes failed: Only part of a ReadProcessMemory or WriteProcessMemory request was completed. (0x12B)
[1125/080130.882:ERROR:process_memory_win.cc(73)] ReadMemory at 0x7ff82c0053c0 of 64 bytes failed: Only part of a ReadProcessMemory or WriteProcessMemory request was completed. (0x12B)
[1125/080130.882:ERROR:process_memory_win.cc(73)] ReadMemory at 0x7fff8ec8e9f3 of 512 bytes failed: Only part of a ReadProcessMemory or WriteProcessMemory request was completed. (0x12B)
[1125/080130.882:ERROR:process_memory_win.cc(73)] ReadMemory at 0x7fff937cc558 of 512 bytes failed: Only part of a ReadProcessMemory or WriteProcessMemory request was completed. (0x12B)
[1125/080130.882:ERROR:filesystem_win.cc(129)] GetFileAttributes S:\Users\sifat\AppData\Local\Google\Chrome\User Data\Crashpad\attachments\3da51d02-64e5-48cd-b74e-b19b9ea7acfb: The system cannot find the path specified. (0x3)
[1125/080130.882:ERROR:scoped_process_suspend.cc(40)] NtResumeProcess: An attempt was made to access an exiting process. (0xc000010a)
